c:\users\nikol\source\repos\fifthlab_thirdcourse\fifthlab_thirdcourse\x64\debug\vc143.pdb
c:\users\nikol\source\repos\fifthlab_thirdcourse\fifthlab_thirdcourse\x64\debug\.netframework,version=v4.8.assemblyattributes.obj
c:\users\nikol\source\repos\fifthlab_thirdcourse\fifthlab_thirdcourse\x64\debug\myform.obj
c:\users\nikol\source\repos\fifthlab_thirdcourse\fifthlab_thirdcourse\x64\debug\binarytree.obj
c:\users\nikol\source\repos\fifthlab_thirdcourse\x64\debug\fifthlab_thirdcourse.exe
c:\users\nikol\source\repos\fifthlab_thirdcourse\fifthlab_thirdcourse\x64\debug\mybinarytree.obj
c:\users\nikol\source\repos\fifthlab_thirdcourse\fifthlab_thirdcourse\x64\debug\treenode.obj
c:\users\nikol\source\repos\fifthlab_thirdcourse\x64\debug\fifthlab_thirdcourse.pdb
c:\users\nikol\source\repos\fifthlab_thirdcourse\fifthlab_thirdcourse\x64\debug\fifthlab.31fdd6cd.tlog\cl.command.1.tlog
c:\users\nikol\source\repos\fifthlab_thirdcourse\fifthlab_thirdcourse\x64\debug\fifthlab.31fdd6cd.tlog\cl.items.tlog
c:\users\nikol\source\repos\fifthlab_thirdcourse\fifthlab_thirdcourse\x64\debug\fifthlab.31fdd6cd.tlog\cl.read.1.tlog
c:\users\nikol\source\repos\fifthlab_thirdcourse\fifthlab_thirdcourse\x64\debug\fifthlab.31fdd6cd.tlog\cl.write.1.tlog
c:\users\nikol\source\repos\fifthlab_thirdcourse\fifthlab_thirdcourse\x64\debug\fifthlab.31fdd6cd.tlog\link.11200-cvtres.read.1.tlog
c:\users\nikol\source\repos\fifthlab_thirdcourse\fifthlab_thirdcourse\x64\debug\fifthlab.31fdd6cd.tlog\link.11200-cvtres.write.1.tlog
c:\users\nikol\source\repos\fifthlab_thirdcourse\fifthlab_thirdcourse\x64\debug\fifthlab.31fdd6cd.tlog\link.11200-rc.read.1.tlog
c:\users\nikol\source\repos\fifthlab_thirdcourse\fifthlab_thirdcourse\x64\debug\fifthlab.31fdd6cd.tlog\link.11200-rc.write.1.tlog
c:\users\nikol\source\repos\fifthlab_thirdcourse\fifthlab_thirdcourse\x64\debug\fifthlab.31fdd6cd.tlog\link.11200.read.1.tlog
c:\users\nikol\source\repos\fifthlab_thirdcourse\fifthlab_thirdcourse\x64\debug\fifthlab.31fdd6cd.tlog\link.11200.read.2.tlog
c:\users\nikol\source\repos\fifthlab_thirdcourse\fifthlab_thirdcourse\x64\debug\fifthlab.31fdd6cd.tlog\link.11200.write.1.tlog
c:\users\nikol\source\repos\fifthlab_thirdcourse\fifthlab_thirdcourse\x64\debug\fifthlab.31fdd6cd.tlog\link.12048-cvtres.read.1.tlog
c:\users\nikol\source\repos\fifthlab_thirdcourse\fifthlab_thirdcourse\x64\debug\fifthlab.31fdd6cd.tlog\link.12048-cvtres.write.1.tlog
c:\users\nikol\source\repos\fifthlab_thirdcourse\fifthlab_thirdcourse\x64\debug\fifthlab.31fdd6cd.tlog\link.12048-rc.read.1.tlog
c:\users\nikol\source\repos\fifthlab_thirdcourse\fifthlab_thirdcourse\x64\debug\fifthlab.31fdd6cd.tlog\link.12048-rc.write.1.tlog
c:\users\nikol\source\repos\fifthlab_thirdcourse\fifthlab_thirdcourse\x64\debug\fifthlab.31fdd6cd.tlog\link.12048.read.1.tlog
c:\users\nikol\source\repos\fifthlab_thirdcourse\fifthlab_thirdcourse\x64\debug\fifthlab.31fdd6cd.tlog\link.12048.read.2.tlog
c:\users\nikol\source\repos\fifthlab_thirdcourse\fifthlab_thirdcourse\x64\debug\fifthlab.31fdd6cd.tlog\link.12048.write.1.tlog
c:\users\nikol\source\repos\fifthlab_thirdcourse\fifthlab_thirdcourse\x64\debug\fifthlab.31fdd6cd.tlog\link.13968-cvtres.read.1.tlog
c:\users\nikol\source\repos\fifthlab_thirdcourse\fifthlab_thirdcourse\x64\debug\fifthlab.31fdd6cd.tlog\link.13968-cvtres.write.1.tlog
c:\users\nikol\source\repos\fifthlab_thirdcourse\fifthlab_thirdcourse\x64\debug\fifthlab.31fdd6cd.tlog\link.13968-rc.read.1.tlog
c:\users\nikol\source\repos\fifthlab_thirdcourse\fifthlab_thirdcourse\x64\debug\fifthlab.31fdd6cd.tlog\link.13968-rc.write.1.tlog
c:\users\nikol\source\repos\fifthlab_thirdcourse\fifthlab_thirdcourse\x64\debug\fifthlab.31fdd6cd.tlog\link.13968.read.1.tlog
c:\users\nikol\source\repos\fifthlab_thirdcourse\fifthlab_thirdcourse\x64\debug\fifthlab.31fdd6cd.tlog\link.13968.read.3.tlog
c:\users\nikol\source\repos\fifthlab_thirdcourse\fifthlab_thirdcourse\x64\debug\fifthlab.31fdd6cd.tlog\link.13968.write.1.tlog
c:\users\nikol\source\repos\fifthlab_thirdcourse\fifthlab_thirdcourse\x64\debug\fifthlab.31fdd6cd.tlog\link.15128-cvtres.read.1.tlog
c:\users\nikol\source\repos\fifthlab_thirdcourse\fifthlab_thirdcourse\x64\debug\fifthlab.31fdd6cd.tlog\link.15128-cvtres.write.1.tlog
c:\users\nikol\source\repos\fifthlab_thirdcourse\fifthlab_thirdcourse\x64\debug\fifthlab.31fdd6cd.tlog\link.15128-rc.read.1.tlog
c:\users\nikol\source\repos\fifthlab_thirdcourse\fifthlab_thirdcourse\x64\debug\fifthlab.31fdd6cd.tlog\link.15128-rc.write.1.tlog
c:\users\nikol\source\repos\fifthlab_thirdcourse\fifthlab_thirdcourse\x64\debug\fifthlab.31fdd6cd.tlog\link.15128.read.1.tlog
c:\users\nikol\source\repos\fifthlab_thirdcourse\fifthlab_thirdcourse\x64\debug\fifthlab.31fdd6cd.tlog\link.15128.read.2.tlog
c:\users\nikol\source\repos\fifthlab_thirdcourse\fifthlab_thirdcourse\x64\debug\fifthlab.31fdd6cd.tlog\link.15128.write.1.tlog
c:\users\nikol\source\repos\fifthlab_thirdcourse\fifthlab_thirdcourse\x64\debug\fifthlab.31fdd6cd.tlog\link.4004-cvtres.read.1.tlog
c:\users\nikol\source\repos\fifthlab_thirdcourse\fifthlab_thirdcourse\x64\debug\fifthlab.31fdd6cd.tlog\link.4004-cvtres.write.1.tlog
c:\users\nikol\source\repos\fifthlab_thirdcourse\fifthlab_thirdcourse\x64\debug\fifthlab.31fdd6cd.tlog\link.4004-rc.read.1.tlog
c:\users\nikol\source\repos\fifthlab_thirdcourse\fifthlab_thirdcourse\x64\debug\fifthlab.31fdd6cd.tlog\link.4004-rc.write.1.tlog
c:\users\nikol\source\repos\fifthlab_thirdcourse\fifthlab_thirdcourse\x64\debug\fifthlab.31fdd6cd.tlog\link.4004.read.1.tlog
c:\users\nikol\source\repos\fifthlab_thirdcourse\fifthlab_thirdcourse\x64\debug\fifthlab.31fdd6cd.tlog\link.4004.read.2.tlog
c:\users\nikol\source\repos\fifthlab_thirdcourse\fifthlab_thirdcourse\x64\debug\fifthlab.31fdd6cd.tlog\link.4004.write.1.tlog
c:\users\nikol\source\repos\fifthlab_thirdcourse\fifthlab_thirdcourse\x64\debug\fifthlab.31fdd6cd.tlog\link.4472-cvtres.read.1.tlog
c:\users\nikol\source\repos\fifthlab_thirdcourse\fifthlab_thirdcourse\x64\debug\fifthlab.31fdd6cd.tlog\link.4472-cvtres.write.1.tlog
c:\users\nikol\source\repos\fifthlab_thirdcourse\fifthlab_thirdcourse\x64\debug\fifthlab.31fdd6cd.tlog\link.4472-rc.read.1.tlog
c:\users\nikol\source\repos\fifthlab_thirdcourse\fifthlab_thirdcourse\x64\debug\fifthlab.31fdd6cd.tlog\link.4472-rc.write.1.tlog
c:\users\nikol\source\repos\fifthlab_thirdcourse\fifthlab_thirdcourse\x64\debug\fifthlab.31fdd6cd.tlog\link.4472.read.1.tlog
c:\users\nikol\source\repos\fifthlab_thirdcourse\fifthlab_thirdcourse\x64\debug\fifthlab.31fdd6cd.tlog\link.4472.read.2.tlog
c:\users\nikol\source\repos\fifthlab_thirdcourse\fifthlab_thirdcourse\x64\debug\fifthlab.31fdd6cd.tlog\link.4472.write.1.tlog
c:\users\nikol\source\repos\fifthlab_thirdcourse\fifthlab_thirdcourse\x64\debug\fifthlab.31fdd6cd.tlog\link.4808-cvtres.read.1.tlog
c:\users\nikol\source\repos\fifthlab_thirdcourse\fifthlab_thirdcourse\x64\debug\fifthlab.31fdd6cd.tlog\link.4808-cvtres.write.1.tlog
c:\users\nikol\source\repos\fifthlab_thirdcourse\fifthlab_thirdcourse\x64\debug\fifthlab.31fdd6cd.tlog\link.4808-rc.read.1.tlog
c:\users\nikol\source\repos\fifthlab_thirdcourse\fifthlab_thirdcourse\x64\debug\fifthlab.31fdd6cd.tlog\link.4808-rc.write.1.tlog
c:\users\nikol\source\repos\fifthlab_thirdcourse\fifthlab_thirdcourse\x64\debug\fifthlab.31fdd6cd.tlog\link.4808.read.1.tlog
c:\users\nikol\source\repos\fifthlab_thirdcourse\fifthlab_thirdcourse\x64\debug\fifthlab.31fdd6cd.tlog\link.4808.read.2.tlog
c:\users\nikol\source\repos\fifthlab_thirdcourse\fifthlab_thirdcourse\x64\debug\fifthlab.31fdd6cd.tlog\link.4808.write.1.tlog
c:\users\nikol\source\repos\fifthlab_thirdcourse\fifthlab_thirdcourse\x64\debug\fifthlab.31fdd6cd.tlog\link.command.1.tlog
c:\users\nikol\source\repos\fifthlab_thirdcourse\fifthlab_thirdcourse\x64\debug\fifthlab.31fdd6cd.tlog\link.read.1.tlog
c:\users\nikol\source\repos\fifthlab_thirdcourse\fifthlab_thirdcourse\x64\debug\fifthlab.31fdd6cd.tlog\link.read.2.tlog
c:\users\nikol\source\repos\fifthlab_thirdcourse\fifthlab_thirdcourse\x64\debug\fifthlab.31fdd6cd.tlog\link.read.3.tlog
c:\users\nikol\source\repos\fifthlab_thirdcourse\fifthlab_thirdcourse\x64\debug\fifthlab.31fdd6cd.tlog\link.write.1.tlog
c:\users\nikol\source\repos\fifthlab_thirdcourse\fifthlab_thirdcourse\x64\debug\fifthlab.31fdd6cd.tlog\metagen.read.1.tlog
c:\users\nikol\source\repos\fifthlab_thirdcourse\fifthlab_thirdcourse\x64\debug\fifthlab.31fdd6cd.tlog\metagen.write.1.tlog
c:\users\nikol\source\repos\fifthlab_thirdcourse\fifthlab_thirdcourse\x64\debug\fifthlab.31fdd6cd.tlog\resgen.command.1.tlog
c:\users\nikol\source\repos\fifthlab_thirdcourse\fifthlab_thirdcourse\x64\debug\fifthlab.31fdd6cd.tlog\resgen.read.1.tlog
c:\users\nikol\source\repos\fifthlab_thirdcourse\fifthlab_thirdcourse\x64\debug\fifthlab.31fdd6cd.tlog\resgen.write.1.tlog
