c:\users\nikol\source\repos\pw_oop\pw_oop\x64\debug\vc143.pdb
c:\users\nikol\source\repos\pw_oop\pw_oop\x64\debug\.netframework,version=v4.8.assemblyattributes.obj
c:\users\nikol\source\repos\pw_oop\pw_oop\x64\debug\transport.obj
c:\users\nikol\source\repos\pw_oop\pw_oop\x64\debug\paintimage.obj
c:\users\nikol\source\repos\pw_oop\pw_oop\x64\debug\mainform.obj
c:\users\nikol\source\repos\pw_oop\pw_oop\x64\debug\human.obj
c:\users\nikol\source\repos\pw_oop\pw_oop\x64\debug\environment.obj
c:\users\nikol\source\repos\pw_oop\pw_oop\x64\debug\defaultlamppost.obj
c:\users\nikol\source\repos\pw_oop\x64\debug\pw_oop.exe
c:\users\nikol\source\repos\pw_oop\x64\debug\pw_oop.pdb
c:\users\nikol\source\repos\pw_oop\pw_oop\x64\debug\pw_oop.tlog\cl.command.1.tlog
c:\users\nikol\source\repos\pw_oop\pw_oop\x64\debug\pw_oop.tlog\cl.items.tlog
c:\users\nikol\source\repos\pw_oop\pw_oop\x64\debug\pw_oop.tlog\cl.read.1.tlog
c:\users\nikol\source\repos\pw_oop\pw_oop\x64\debug\pw_oop.tlog\cl.write.1.tlog
c:\users\nikol\source\repos\pw_oop\pw_oop\x64\debug\pw_oop.tlog\link.command.1.tlog
c:\users\nikol\source\repos\pw_oop\pw_oop\x64\debug\pw_oop.tlog\link.read.1.tlog
c:\users\nikol\source\repos\pw_oop\pw_oop\x64\debug\pw_oop.tlog\link.write.1.tlog
c:\users\nikol\source\repos\pw_oop\pw_oop\x64\debug\pw_oop.tlog\metagen.read.1.tlog
c:\users\nikol\source\repos\pw_oop\pw_oop\x64\debug\pw_oop.tlog\metagen.write.1.tlog
c:\users\nikol\source\repos\pw_oop\pw_oop\x64\debug\pw_oop.tlog\resgen.command.1.tlog
c:\users\nikol\source\repos\pw_oop\pw_oop\x64\debug\pw_oop.tlog\resgen.read.1.tlog
c:\users\nikol\source\repos\pw_oop\pw_oop\x64\debug\pw_oop.tlog\resgen.write.1.tlog
